[debug] [2023-01-20T02:42:41.910Z] ----------------------------------------------------------------------
[debug] [2023-01-20T02:42:41.912Z] Command:       C:\Program Files\nodejs\node.exe C:\Users\Windows 10\AppData\Roaming\npm\node_modules\firebase-tools\lib\bin\firebase.js emulators:start
[debug] [2023-01-20T02:42:41.913Z] CLI Version:   11.20.0
[debug] [2023-01-20T02:42:41.913Z] Platform:      win32
[debug] [2023-01-20T02:42:41.913Z] Node Version:  v16.15.1
[debug] [2023-01-20T02:42:41.916Z] Time:          Fri Jan 20 2023 08:42:41 GMT+0600 (Bangladesh Standard Time)
[debug] [2023-01-20T02:42:41.916Z] ----------------------------------------------------------------------
[debug] 
[debug] [2023-01-20T02:42:42.021Z] > command requires scopes: ["email","openid","https://www.googleapis.com/auth/cloudplatformprojects.readonly","https://www.googleapis.com/auth/firebase","https://www.googleapis.com/auth/cloud-platform"]
[debug] [2023-01-20T02:42:42.022Z] > authorizing via signed-in user (sadman.rashiq.dbz@gmail.com)
[info] i  emulators: Starting emulators: functions, hosting {"metadata":{"emulator":{"name":"hub"},"message":"Starting emulators: functions, hosting"}}
[debug] [2023-01-20T02:42:42.039Z] [logging] Logging Emulator only supports listening on one address (127.0.0.1). Not listening on ::1
[debug] [2023-01-20T02:42:42.040Z] [hosting] Hosting Emulator only supports listening on one address (127.0.0.1). Not listening on ::1
[debug] [2023-01-20T02:42:42.040Z] assigned listening specs for emulators {"user":{"hub":[{"address":"127.0.0.1","family":"IPv4","port":4400},{"address":"::1","family":"IPv6","port":4400}],"ui":[{"address":"127.0.0.1","family":"IPv4","port":4000},{"address":"::1","family":"IPv6","port":4000}],"logging":[{"address":"127.0.0.1","family":"IPv4","port":4500}],"hosting":[{"address":"127.0.0.1","family":"IPv4","port":5000}]},"metadata":{"message":"assigned listening specs for emulators"}}
[debug] [2023-01-20T02:42:42.049Z] [hub] writing locator at C:\Users\WINDOW~1\AppData\Local\Temp\hub-personal-ecommerce-website.json
[debug] [2023-01-20T02:42:42.103Z] [functions] Functions Emulator only supports listening on one address (127.0.0.1). Not listening on ::1
[debug] [2023-01-20T02:42:42.104Z] [eventarc] Eventarc Emulator only supports listening on one address (127.0.0.1). Not listening on ::1
[debug] [2023-01-20T02:42:42.104Z] late-assigned ports for functions and eventarc emulators {"user":{"hub":[{"address":"127.0.0.1","family":"IPv4","port":4400},{"address":"::1","family":"IPv6","port":4400}],"ui":[{"address":"127.0.0.1","family":"IPv4","port":4000},{"address":"::1","family":"IPv6","port":4000}],"logging":[{"address":"127.0.0.1","family":"IPv4","port":4500}],"hosting":[{"address":"127.0.0.1","family":"IPv4","port":5000}],"functions":[{"address":"127.0.0.1","family":"IPv4","port":5001}],"eventarc":[{"address":"127.0.0.1","family":"IPv4","port":9299}]},"metadata":{"message":"late-assigned ports for functions and eventarc emulators"}}
[warn] !  functions: The following emulators are not running, calls to these services from the Functions emulator will affect production: auth, firestore, database, pubsub, storage {"metadata":{"emulator":{"name":"functions"},"message":"The following emulators are not running, calls to these services from the Functions emulator will affect production: \u001b[1mauth, firestore, database, pubsub, storage\u001b[22m"}}
[info] +  functions: Using node@16 from host. {"metadata":{"emulator":{"name":"functions"},"message":"Using node@16 from host."}}
[debug] [2023-01-20T02:42:42.146Z] defaultcredentials: writing to file C:\Users\Windows 10\AppData\Roaming\firebase\sadman_rashiq.dbz_gmail.com_application_default_credentials.json
[debug] [2023-01-20T02:42:42.155Z] Setting GAC to C:\Users\Windows 10\AppData\Roaming\firebase\sadman_rashiq.dbz_gmail.com_application_default_credentials.json {"metadata":{"emulator":{"name":"functions"},"message":"Setting GAC to C:\\Users\\Windows 10\\AppData\\Roaming\\firebase\\sadman_rashiq.dbz_gmail.com_application_default_credentials.json"}}
[debug] [2023-01-20T02:42:42.157Z] > refreshing access token with scopes: []
[debug] [2023-01-20T02:42:42.160Z] >>> [apiv2][query] POST https://www.googleapis.com/oauth2/v3/token [none]
[debug] [2023-01-20T02:42:42.160Z] >>> [apiv2][body] POST https://www.googleapis.com/oauth2/v3/token [omitted]
[debug] [2023-01-20T02:42:42.504Z] <<< [apiv2][status] POST https://www.googleapis.com/oauth2/v3/token 200
[debug] [2023-01-20T02:42:42.504Z] <<< [apiv2][body] POST https://www.googleapis.com/oauth2/v3/token [omitted]
[debug] [2023-01-20T02:42:42.514Z] >>> [apiv2][query] GET https://firebase.googleapis.com/v1beta1/projects/personal-ecommerce-website/adminSdkConfig [none]
[debug] [2023-01-20T02:42:43.021Z] <<< [apiv2][status] GET https://firebase.googleapis.com/v1beta1/projects/personal-ecommerce-website/adminSdkConfig 200
[debug] [2023-01-20T02:42:43.022Z] <<< [apiv2][body] GET https://firebase.googleapis.com/v1beta1/projects/personal-ecommerce-website/adminSdkConfig {"projectId":"personal-ecommerce-website","storageBucket":"personal-ecommerce-website.appspot.com"}
[debug] [2023-01-20T02:42:43.040Z] >>> [apiv2][query] GET https://firebasehosting.googleapis.com/v1beta1/projects/personal-ecommerce-website/sites 
[debug] [2023-01-20T02:42:44.733Z] <<< [apiv2][status] GET https://firebasehosting.googleapis.com/v1beta1/projects/personal-ecommerce-website/sites 200
[debug] [2023-01-20T02:42:44.733Z] <<< [apiv2][body] GET https://firebasehosting.googleapis.com/v1beta1/projects/personal-ecommerce-website/sites {"sites":[{"name":"projects/personal-ecommerce-website/sites/personal-ecommerce-website","defaultUrl":"https://personal-ecommerce-website.web.app","appId":"1:1051431433974:web:23c18149f75363bcf85ed7","type":"DEFAULT_SITE"}]}
[debug] [2023-01-20T02:42:44.734Z] >>> [apiv2][query] GET https://firebase.googleapis.com/v1beta1/projects/personal-ecommerce-website/webApps/1:1051431433974:web:23c18149f75363bcf85ed7/config [none]
[debug] [2023-01-20T02:42:46.346Z] <<< [apiv2][status] GET https://firebase.googleapis.com/v1beta1/projects/personal-ecommerce-website/webApps/1:1051431433974:web:23c18149f75363bcf85ed7/config 200
[debug] [2023-01-20T02:42:46.347Z] <<< [apiv2][body] GET https://firebase.googleapis.com/v1beta1/projects/personal-ecommerce-website/webApps/1:1051431433974:web:23c18149f75363bcf85ed7/config {"projectId":"personal-ecommerce-website","appId":"1:1051431433974:web:23c18149f75363bcf85ed7","storageBucket":"personal-ecommerce-website.appspot.com","apiKey":"AIzaSyDiF_hKsK0gf-TCAKSb5JmF-iGqtihuaLc","authDomain":"personal-ecommerce-website.firebaseapp.com","messagingSenderId":"1051431433974","measurementId":"G-C976829VYP"}
[debug] [2023-01-20T02:42:46.351Z] >>> [apiv2][query] GET https://firebase.googleapis.com/v1beta1/projects/personal-ecommerce-website [none]
[debug] [2023-01-20T02:42:47.045Z] <<< [apiv2][status] GET https://firebase.googleapis.com/v1beta1/projects/personal-ecommerce-website 200
[debug] [2023-01-20T02:42:47.045Z] <<< [apiv2][body] GET https://firebase.googleapis.com/v1beta1/projects/personal-ecommerce-website {"projectId":"personal-ecommerce-website","projectNumber":"1051431433974","displayName":"personal-ecommerce-website","name":"projects/personal-ecommerce-website","resources":{"hostingSite":"personal-ecommerce-website"},"state":"ACTIVE","etag":"1_7e827e46-57c8-41bb-bccb-89b1747fae1a"}
[info] i  hosting[personal-ecommerce-website]: Serving hosting files from: build {"metadata":{"emulator":{"name":"hosting"},"message":"Serving hosting files from: \u001b[1mbuild\u001b[22m"}}
[info] +  hosting[personal-ecommerce-website]: Local server: http://127.0.0.1:5000 {"metadata":{"emulator":{"name":"hosting"},"message":"Local server: \u001b[4m\u001b[1mhttp://127.0.0.1:5000\u001b[22m\u001b[24m"}}
[debug] [2023-01-20T02:42:47.083Z] Ignoring unsupported arg: auto_download {"metadata":{"emulator":{"name":"ui"},"message":"Ignoring unsupported arg: auto_download"}}
[debug] [2023-01-20T02:42:47.084Z] Ignoring unsupported arg: port {"metadata":{"emulator":{"name":"ui"},"message":"Ignoring unsupported arg: port"}}
[debug] [2023-01-20T02:42:47.084Z] Starting Emulator UI with command {"binary":"node","args":["C:\\Users\\Windows 10\\.cache\\firebase\\emulators\\ui-v1.11.2\\server\\server.js"],"optionalArgs":[],"joinArgs":false} {"metadata":{"emulator":{"name":"ui"},"message":"Starting Emulator UI with command {\"binary\":\"node\",\"args\":[\"C:\\\\Users\\\\Windows 10\\\\.cache\\\\firebase\\\\emulators\\\\ui-v1.11.2\\\\server\\\\server.js\"],\"optionalArgs\":[],\"joinArgs\":false}"}}
[info] i  ui: Emulator UI logging to ui-debug.log {"metadata":{"emulator":{"name":"ui"},"message":"Emulator UI logging to \u001b[1mui-debug.log\u001b[22m"}}
[debug] [2023-01-20T02:42:47.340Z] Web / API server started at 127.0.0.1:4000
 {"metadata":{"emulator":{"name":"ui"},"message":"Web / API server started at 127.0.0.1:4000\n"}}
[debug] [2023-01-20T02:42:47.340Z] Web / API server started at ::1:4000
 {"metadata":{"emulator":{"name":"ui"},"message":"Web / API server started at ::1:4000\n"}}
[info] i  functions: Watching "E:\React project\fullstack-ecommerce-website\personal-ecommerce-website\functions" for Cloud Functions... {"metadata":{"emulator":{"name":"functions"},"message":"Watching \"E:\\React project\\fullstack-ecommerce-website\\personal-ecommerce-website\\functions\" for Cloud Functions..."}}
[debug] [2023-01-20T02:42:47.372Z] Validating nodejs source
[warn] !  functions: package.json indicates an outdated version of firebase-functions. Please upgrade using npm install --save firebase-functions@latest in your functions directory. 
[warn] !  functions: Please note that there will be breaking changes when you upgrade. 
[debug] [2023-01-20T02:42:49.090Z] > [functions] package.json contents: {
  "name": "functions",
  "description": "Cloud Functions for Firebase",
  "scripts": {
    "lint": "eslint .",
    "serve": "firebase emulators:start --only functions",
    "shell": "firebase functions:shell",
    "start": "npm run shell",
    "deploy": "firebase deploy --only functions",
    "logs": "firebase functions:log"
  },
  "engines": {
    "node": "16"
  },
  "main": "index.js",
  "dependencies": {
    "cors": "^2.8.5",
    "express": "^4.18.2",
    "firebase-admin": "^10.0.2",
    "firebase-functions": "^3.18.0",
    "stripe": "^11.6.0"
  },
  "devDependencies": {
    "eslint": "^8.9.0",
    "eslint-config-google": "^0.14.0",
    "firebase-functions-test": "^0.2.0"
  },
  "private": true
}
[debug] [2023-01-20T02:42:49.090Z] Building nodejs source
[debug] [2023-01-20T02:42:49.094Z] Could not find functions.yaml. Must use http discovery
[debug] [2023-01-20T02:42:49.570Z] Serving at port 9005

[debug] [2023-01-20T02:42:49.796Z] Got response from /__/functions.yaml {"endpoints":{"api":{"platform":"gcfv1","httpsTrigger":{},"entryPoint":"api"}},"specVersion":"v1alpha1","requiredAPIs":[]}
[debug] [2023-01-20T02:42:49.808Z] shutdown requested via /__/quitquitquit

[info] +  functions: Loaded functions definitions from source: api. {"metadata":{"emulator":{"name":"functions"},"message":"Loaded functions definitions from source: api."}}
[info] +  functions[us-central1-api]: http function initialized (http://127.0.0.1:5001/personal-ecommerce-website/us-central1/api). {"metadata":{"emulator":{"name":"functions"},"message":"\u001b[1mhttp\u001b[22m function initialized (http://127.0.0.1:5001/personal-ecommerce-website/us-central1/api)."}}
[info] 
┌─────────────────────────────────────────────────────────────┐
│ ✔  All emulators ready! It is now safe to connect your app. │
│ i  View Emulator UI at http://127.0.0.1:4000/               │
└─────────────────────────────────────────────────────────────┘

┌───────────┬────────────────┬─────────────────────────────────┐
│ Emulator  │ Host:Port      │ View in Emulator UI             │
├───────────┼────────────────┼─────────────────────────────────┤
│ Functions │ 127.0.0.1:5001 │ http://127.0.0.1:4000/functions │
├───────────┼────────────────┼─────────────────────────────────┤
│ Hosting   │ 127.0.0.1:5000 │ n/a                             │
└───────────┴────────────────┴─────────────────────────────────┘
  Emulator Hub running at 127.0.0.1:4400
  Other reserved ports: 4500

Issues? Report them at https://github.com/firebase/firebase-tools/issues and attach the *-debug.log files.
 
[debug] [2023-01-20T02:43:38.956Z] [work-queue] {"queuedWork":["/personal-ecommerce-website/us-central1/api-2023-01-20T02:43:38.956Z"],"queueLength":1,"runningWork":[],"workRunningCount":0}
[debug] [2023-01-20T02:43:38.957Z] [work-queue] {"queuedWork":[],"queueLength":0,"runningWork":["/personal-ecommerce-website/us-central1/api-2023-01-20T02:43:38.956Z"],"workRunningCount":1}
[debug] [2023-01-20T02:43:38.958Z] Accepted request GET /personal-ecommerce-website/us-central1/api --> us-central1-api
[debug] [2023-01-20T02:43:38.967Z] [functions] Runtime ready! Sending request! {"metadata":{"emulator":{"name":"functions"},"message":"[functions] Runtime ready! Sending request!"}}
[debug] [2023-01-20T02:43:38.968Z] [functions] Got req.url=/personal-ecommerce-website/us-central1/api, mapping to path=/ {"metadata":{"emulator":{"name":"functions"},"message":"[functions] Got req.url=/personal-ecommerce-website/us-central1/api, mapping to path=/"}}
[debug] [2023-01-20T02:43:38.989Z] [worker-pool] addWorker(us-central1-api) {"metadata":{"emulator":{"name":"functions"},"message":"[worker-pool] addWorker(us-central1-api)"}}
[debug] [2023-01-20T02:43:38.990Z] [worker-pool] Adding worker with key us-central1-api, total=1 {"metadata":{"emulator":{"name":"functions"},"message":"[worker-pool] Adding worker with key us-central1-api, total=1"}}
[debug] [2023-01-20T02:43:40.855Z] [runtime-status] [6504] Resolved module firebase-admin {"declared":true,"installed":true,"version":"10.3.0","resolution":"E:\\React project\\fullstack-ecommerce-website\\personal-ecommerce-website\\functions\\node_modules\\firebase-admin\\lib\\index.js"} {"metadata":{"emulator":{"name":"functions"},"function":{"name":"us-central1-api"},"extension":{},"message":"[runtime-status] [6504] Resolved module firebase-admin {\"declared\":true,\"installed\":true,\"version\":\"10.3.0\",\"resolution\":\"E:\\\\React project\\\\fullstack-ecommerce-website\\\\personal-ecommerce-website\\\\functions\\\\node_modules\\\\firebase-admin\\\\lib\\\\index.js\"}"}}
[debug] [2023-01-20T02:43:40.859Z] [runtime-status] [6504] Resolved module firebase-functions {"declared":true,"installed":true,"version":"3.24.1","resolution":"E:\\React project\\fullstack-ecommerce-website\\personal-ecommerce-website\\functions\\node_modules\\firebase-functions\\lib\\index.js"} {"metadata":{"emulator":{"name":"functions"},"function":{"name":"us-central1-api"},"extension":{},"message":"[runtime-status] [6504] Resolved module firebase-functions {\"declared\":true,\"installed\":true,\"version\":\"3.24.1\",\"resolution\":\"E:\\\\React project\\\\fullstack-ecommerce-website\\\\personal-ecommerce-website\\\\functions\\\\node_modules\\\\firebase-functions\\\\lib\\\\index.js\"}"}}
[debug] [2023-01-20T02:43:40.859Z] [runtime-status] [6504] Outgoing network have been stubbed. [{"name":"http","status":"mocked"},{"name":"http","status":"mocked"},{"name":"https","status":"mocked"},{"name":"https","status":"mocked"},{"name":"net","status":"mocked"}] {"metadata":{"emulator":{"name":"functions"},"function":{"name":"us-central1-api"},"extension":{},"message":"[runtime-status] [6504] Outgoing network have been stubbed. [{\"name\":\"http\",\"status\":\"mocked\"},{\"name\":\"http\",\"status\":\"mocked\"},{\"name\":\"https\",\"status\":\"mocked\"},{\"name\":\"https\",\"status\":\"mocked\"},{\"name\":\"net\",\"status\":\"mocked\"}]"}}
[debug] [2023-01-20T02:43:40.860Z] [runtime-status] [6504] Resolved module firebase-functions {"declared":true,"installed":true,"version":"3.24.1","resolution":"E:\\React project\\fullstack-ecommerce-website\\personal-ecommerce-website\\functions\\node_modules\\firebase-functions\\lib\\index.js"} {"metadata":{"emulator":{"name":"functions"},"function":{"name":"us-central1-api"},"extension":{},"message":"[runtime-status] [6504] Resolved module firebase-functions {\"declared\":true,\"installed\":true,\"version\":\"3.24.1\",\"resolution\":\"E:\\\\React project\\\\fullstack-ecommerce-website\\\\personal-ecommerce-website\\\\functions\\\\node_modules\\\\firebase-functions\\\\lib\\\\index.js\"}"}}
[debug] [2023-01-20T02:43:40.914Z] [runtime-status] [6504] Checked functions.config() {"config":{}} {"metadata":{"emulator":{"name":"functions"},"function":{"name":"us-central1-api"},"extension":{},"message":"[runtime-status] [6504] Checked functions.config() {\"config\":{}}"}}
[debug] [2023-01-20T02:43:40.915Z] [runtime-status] [6504] firebase-functions has been stubbed. {"functionsResolution":{"declared":true,"installed":true,"version":"3.24.1","resolution":"E:\\React project\\fullstack-ecommerce-website\\personal-ecommerce-website\\functions\\node_modules\\firebase-functions\\lib\\index.js"}} {"metadata":{"emulator":{"name":"functions"},"function":{"name":"us-central1-api"},"extension":{},"message":"[runtime-status] [6504] firebase-functions has been stubbed. {\"functionsResolution\":{\"declared\":true,\"installed\":true,\"version\":\"3.24.1\",\"resolution\":\"E:\\\\React project\\\\fullstack-ecommerce-website\\\\personal-ecommerce-website\\\\functions\\\\node_modules\\\\firebase-functions\\\\lib\\\\index.js\"}}"}}
[debug] [2023-01-20T02:43:40.916Z] [runtime-status] [6504] Resolved module firebase-functions {"declared":true,"installed":true,"version":"3.24.1","resolution":"E:\\React project\\fullstack-ecommerce-website\\personal-ecommerce-website\\functions\\node_modules\\firebase-functions\\lib\\index.js"} {"metadata":{"emulator":{"name":"functions"},"function":{"name":"us-central1-api"},"extension":{},"message":"[runtime-status] [6504] Resolved module firebase-functions {\"declared\":true,\"installed\":true,\"version\":\"3.24.1\",\"resolution\":\"E:\\\\React project\\\\fullstack-ecommerce-website\\\\personal-ecommerce-website\\\\functions\\\\node_modules\\\\firebase-functions\\\\lib\\\\index.js\"}"}}
[debug] [2023-01-20T02:43:40.918Z] [runtime-status] [6504] Resolved module firebase-admin {"declared":true,"installed":true,"version":"10.3.0","resolution":"E:\\React project\\fullstack-ecommerce-website\\personal-ecommerce-website\\functions\\node_modules\\firebase-admin\\lib\\index.js"} {"metadata":{"emulator":{"name":"functions"},"function":{"name":"us-central1-api"},"extension":{},"message":"[runtime-status] [6504] Resolved module firebase-admin {\"declared\":true,\"installed\":true,\"version\":\"10.3.0\",\"resolution\":\"E:\\\\React project\\\\fullstack-ecommerce-website\\\\personal-ecommerce-website\\\\functions\\\\node_modules\\\\firebase-admin\\\\lib\\\\index.js\"}"}}
[debug] [2023-01-20T02:43:40.920Z] [runtime-status] [6504] Resolved module firebase-functions {"declared":true,"installed":true,"version":"3.24.1","resolution":"E:\\React project\\fullstack-ecommerce-website\\personal-ecommerce-website\\functions\\node_modules\\firebase-functions\\lib\\index.js"} {"metadata":{"emulator":{"name":"functions"},"function":{"name":"us-central1-api"},"extension":{},"message":"[runtime-status] [6504] Resolved module firebase-functions {\"declared\":true,\"installed\":true,\"version\":\"3.24.1\",\"resolution\":\"E:\\\\React project\\\\fullstack-ecommerce-website\\\\personal-ecommerce-website\\\\functions\\\\node_modules\\\\firebase-functions\\\\lib\\\\index.js\"}"}}
[debug] [2023-01-20T02:43:40.920Z] [runtime-status] [6504] firebase-admin has been stubbed. {"adminResolution":{"declared":true,"installed":true,"version":"10.3.0","resolution":"E:\\React project\\fullstack-ecommerce-website\\personal-ecommerce-website\\functions\\node_modules\\firebase-admin\\lib\\index.js"}} {"metadata":{"emulator":{"name":"functions"},"function":{"name":"us-central1-api"},"extension":{},"message":"[runtime-status] [6504] firebase-admin has been stubbed. {\"adminResolution\":{\"declared\":true,\"installed\":true,\"version\":\"10.3.0\",\"resolution\":\"E:\\\\React project\\\\fullstack-ecommerce-website\\\\personal-ecommerce-website\\\\functions\\\\node_modules\\\\firebase-admin\\\\lib\\\\index.js\"}}"}}
[debug] [2023-01-20T02:43:41.183Z] [runtime-status] [6504] Functions runtime initialized. {"cwd":"E:\\React project\\fullstack-ecommerce-website\\personal-ecommerce-website\\functions","node_version":"16.15.1"} {"metadata":{"emulator":{"name":"functions"},"function":{"name":"us-central1-api"},"extension":{},"message":"[runtime-status] [6504] Functions runtime initialized. {\"cwd\":\"E:\\\\React project\\\\fullstack-ecommerce-website\\\\personal-ecommerce-website\\\\functions\",\"node_version\":\"16.15.1\"}"}}
[debug] [2023-01-20T02:43:41.184Z] [runtime-status] [6504] Listening to port: \\?\pipe\fire_emu_416bb07fade98bc0 {"metadata":{"emulator":{"name":"functions"},"function":{"name":"us-central1-api"},"extension":{},"message":"[runtime-status] [6504] Listening to port: \\\\?\\pipe\\fire_emu_416bb07fade98bc0"}}
[debug] [2023-01-20T02:43:41.225Z] [worker-us-central1-api-dc98f03b-4970-4784-a694-f3a18d3a0d40]: IDLE {"metadata":{"emulator":{"name":"functions"},"message":"[worker-us-central1-api-dc98f03b-4970-4784-a694-f3a18d3a0d40]: IDLE"}}
[debug] [2023-01-20T02:43:41.227Z] [worker-pool] submitRequest(triggerId=us-central1-api) {"metadata":{"emulator":{"name":"functions"},"message":"[worker-pool] submitRequest(triggerId=us-central1-api)"}}
[debug] [2023-01-20T02:43:41.228Z] [worker-us-central1-api-dc98f03b-4970-4784-a694-f3a18d3a0d40]: BUSY {"metadata":{"emulator":{"name":"functions"},"message":"[worker-us-central1-api-dc98f03b-4970-4784-a694-f3a18d3a0d40]: BUSY"}}
[info] i  functions: Beginning execution of "api" {"metadata":{"emulator":{"name":"functions"},"function":{"name":"us-central1-api"},"extension":{},"message":"Beginning execution of \"api\""}}
[debug] [2023-01-20T02:43:41.250Z] [worker-us-central1-api-dc98f03b-4970-4784-a694-f3a18d3a0d40]: IDLE {"metadata":{"emulator":{"name":"functions"},"message":"[worker-us-central1-api-dc98f03b-4970-4784-a694-f3a18d3a0d40]: IDLE"}}
[debug] [2023-01-20T02:43:41.251Z] [work-queue] {"queuedWork":[],"queueLength":0,"runningWork":[],"workRunningCount":0}
[info] i  functions: Finished "api" in 17.3323ms {"metadata":{"emulator":{"name":"functions"},"function":{"name":"us-central1-api"},"extension":{},"message":"Finished \"api\" in 17.3323ms"}}
[debug] [2023-01-20T02:43:41.381Z] Functions emulator received unknown request at path /favicon.ico
[debug] [2023-01-20T02:44:46.366Z] [work-queue] {"queuedWork":["/personal-ecommerce-website/us-central1/api/payment/create-2023-01-20T02:44:46.366Z"],"queueLength":1,"runningWork":[],"workRunningCount":0}
[debug] [2023-01-20T02:44:46.367Z] [work-queue] {"queuedWork":[],"queueLength":0,"runningWork":["/personal-ecommerce-website/us-central1/api/payment/create-2023-01-20T02:44:46.366Z"],"workRunningCount":1}
[debug] [2023-01-20T02:44:46.367Z] Accepted request POST /personal-ecommerce-website/us-central1/api/payment/create?total=90993 --> us-central1-api
[debug] [2023-01-20T02:44:46.372Z] [functions] Runtime ready! Sending request! {"metadata":{"emulator":{"name":"functions"},"message":"[functions] Runtime ready! Sending request!"}}
[debug] [2023-01-20T02:44:46.373Z] [functions] Got req.url=/personal-ecommerce-website/us-central1/api/payment/create?total=90993, mapping to path=/payment/create?total=90993 {"metadata":{"emulator":{"name":"functions"},"message":"[functions] Got req.url=/personal-ecommerce-website/us-central1/api/payment/create?total=90993, mapping to path=/payment/create?total=90993"}}
[debug] [2023-01-20T02:44:46.373Z] [worker-pool] submitRequest(triggerId=us-central1-api) {"metadata":{"emulator":{"name":"functions"},"message":"[worker-pool] submitRequest(triggerId=us-central1-api)"}}
[debug] [2023-01-20T02:44:46.373Z] [worker-us-central1-api-dc98f03b-4970-4784-a694-f3a18d3a0d40]: BUSY {"metadata":{"emulator":{"name":"functions"},"message":"[worker-us-central1-api-dc98f03b-4970-4784-a694-f3a18d3a0d40]: BUSY"}}
[debug] [2023-01-20T02:44:46.376Z] [work-queue] {"queuedWork":["/personal-ecommerce-website/us-central1/api/payment/create-2023-01-20T02:44:46.376Z"],"queueLength":1,"runningWork":["/personal-ecommerce-website/us-central1/api/payment/create-2023-01-20T02:44:46.366Z"],"workRunningCount":1}
[debug] [2023-01-20T02:44:46.376Z] [work-queue] {"queuedWork":[],"queueLength":0,"runningWork":["/personal-ecommerce-website/us-central1/api/payment/create-2023-01-20T02:44:46.366Z","/personal-ecommerce-website/us-central1/api/payment/create-2023-01-20T02:44:46.376Z"],"workRunningCount":2}
[debug] [2023-01-20T02:44:46.376Z] Accepted request POST /personal-ecommerce-website/us-central1/api/payment/create?total=90993 --> us-central1-api
[debug] [2023-01-20T02:44:46.381Z] [functions] Runtime ready! Sending request! {"metadata":{"emulator":{"name":"functions"},"message":"[functions] Runtime ready! Sending request!"}}
[debug] [2023-01-20T02:44:46.381Z] [functions] Got req.url=/personal-ecommerce-website/us-central1/api/payment/create?total=90993, mapping to path=/payment/create?total=90993 {"metadata":{"emulator":{"name":"functions"},"message":"[functions] Got req.url=/personal-ecommerce-website/us-central1/api/payment/create?total=90993, mapping to path=/payment/create?total=90993"}}
[debug] [2023-01-20T02:44:46.391Z] [worker-pool] addWorker(us-central1-api) {"metadata":{"emulator":{"name":"functions"},"message":"[worker-pool] addWorker(us-central1-api)"}}
[debug] [2023-01-20T02:44:46.391Z] [worker-pool] Adding worker with key us-central1-api, total=2 {"metadata":{"emulator":{"name":"functions"},"message":"[worker-pool] Adding worker with key us-central1-api, total=2"}}
[info] i  functions: Beginning execution of "api" {"metadata":{"emulator":{"name":"functions"},"function":{"name":"us-central1-api"},"extension":{},"message":"Beginning execution of \"api\""}}
[info] i  functions: Finished "api" in 5.5949ms {"metadata":{"emulator":{"name":"functions"},"function":{"name":"us-central1-api"},"extension":{},"message":"Finished \"api\" in 5.5949ms"}}
[debug] [2023-01-20T02:44:46.398Z] [worker-us-central1-api-dc98f03b-4970-4784-a694-f3a18d3a0d40]: IDLE {"metadata":{"emulator":{"name":"functions"},"message":"[worker-us-central1-api-dc98f03b-4970-4784-a694-f3a18d3a0d40]: IDLE"}}
[debug] [2023-01-20T02:44:46.398Z] [work-queue] {"queuedWork":[],"queueLength":0,"runningWork":["/personal-ecommerce-website/us-central1/api/payment/create-2023-01-20T02:44:46.376Z"],"workRunningCount":1}
[debug] [2023-01-20T02:44:48.661Z] [runtime-status] [5624] Resolved module firebase-admin {"declared":true,"installed":true,"version":"10.3.0","resolution":"E:\\React project\\fullstack-ecommerce-website\\personal-ecommerce-website\\functions\\node_modules\\firebase-admin\\lib\\index.js"} {"metadata":{"emulator":{"name":"functions"},"function":{"name":"us-central1-api"},"extension":{},"message":"[runtime-status] [5624] Resolved module firebase-admin {\"declared\":true,\"installed\":true,\"version\":\"10.3.0\",\"resolution\":\"E:\\\\React project\\\\fullstack-ecommerce-website\\\\personal-ecommerce-website\\\\functions\\\\node_modules\\\\firebase-admin\\\\lib\\\\index.js\"}"}}
[debug] [2023-01-20T02:44:48.667Z] [runtime-status] [5624] Resolved module firebase-functions {"declared":true,"installed":true,"version":"3.24.1","resolution":"E:\\React project\\fullstack-ecommerce-website\\personal-ecommerce-website\\functions\\node_modules\\firebase-functions\\lib\\index.js"} {"metadata":{"emulator":{"name":"functions"},"function":{"name":"us-central1-api"},"extension":{},"message":"[runtime-status] [5624] Resolved module firebase-functions {\"declared\":true,\"installed\":true,\"version\":\"3.24.1\",\"resolution\":\"E:\\\\React project\\\\fullstack-ecommerce-website\\\\personal-ecommerce-website\\\\functions\\\\node_modules\\\\firebase-functions\\\\lib\\\\index.js\"}"}}
[debug] [2023-01-20T02:44:48.667Z] [runtime-status] [5624] Outgoing network have been stubbed. [{"name":"http","status":"mocked"},{"name":"http","status":"mocked"},{"name":"https","status":"mocked"},{"name":"https","status":"mocked"},{"name":"net","status":"mocked"}] {"metadata":{"emulator":{"name":"functions"},"function":{"name":"us-central1-api"},"extension":{},"message":"[runtime-status] [5624] Outgoing network have been stubbed. [{\"name\":\"http\",\"status\":\"mocked\"},{\"name\":\"http\",\"status\":\"mocked\"},{\"name\":\"https\",\"status\":\"mocked\"},{\"name\":\"https\",\"status\":\"mocked\"},{\"name\":\"net\",\"status\":\"mocked\"}]"}}
[debug] [2023-01-20T02:44:48.668Z] [runtime-status] [5624] Resolved module firebase-functions {"declared":true,"installed":true,"version":"3.24.1","resolution":"E:\\React project\\fullstack-ecommerce-website\\personal-ecommerce-website\\functions\\node_modules\\firebase-functions\\lib\\index.js"} {"metadata":{"emulator":{"name":"functions"},"function":{"name":"us-central1-api"},"extension":{},"message":"[runtime-status] [5624] Resolved module firebase-functions {\"declared\":true,\"installed\":true,\"version\":\"3.24.1\",\"resolution\":\"E:\\\\React project\\\\fullstack-ecommerce-website\\\\personal-ecommerce-website\\\\functions\\\\node_modules\\\\firebase-functions\\\\lib\\\\index.js\"}"}}
[debug] [2023-01-20T02:44:48.719Z] [runtime-status] [5624] Checked functions.config() {"config":{}} {"metadata":{"emulator":{"name":"functions"},"function":{"name":"us-central1-api"},"extension":{},"message":"[runtime-status] [5624] Checked functions.config() {\"config\":{}}"}}
[debug] [2023-01-20T02:44:48.720Z] [runtime-status] [5624] firebase-functions has been stubbed. {"functionsResolution":{"declared":true,"installed":true,"version":"3.24.1","resolution":"E:\\React project\\fullstack-ecommerce-website\\personal-ecommerce-website\\functions\\node_modules\\firebase-functions\\lib\\index.js"}} {"metadata":{"emulator":{"name":"functions"},"function":{"name":"us-central1-api"},"extension":{},"message":"[runtime-status] [5624] firebase-functions has been stubbed. {\"functionsResolution\":{\"declared\":true,\"installed\":true,\"version\":\"3.24.1\",\"resolution\":\"E:\\\\React project\\\\fullstack-ecommerce-website\\\\personal-ecommerce-website\\\\functions\\\\node_modules\\\\firebase-functions\\\\lib\\\\index.js\"}}"}}
[debug] [2023-01-20T02:44:48.721Z] [runtime-status] [5624] Resolved module firebase-functions {"declared":true,"installed":true,"version":"3.24.1","resolution":"E:\\React project\\fullstack-ecommerce-website\\personal-ecommerce-website\\functions\\node_modules\\firebase-functions\\lib\\index.js"} {"metadata":{"emulator":{"name":"functions"},"function":{"name":"us-central1-api"},"extension":{},"message":"[runtime-status] [5624] Resolved module firebase-functions {\"declared\":true,\"installed\":true,\"version\":\"3.24.1\",\"resolution\":\"E:\\\\React project\\\\fullstack-ecommerce-website\\\\personal-ecommerce-website\\\\functions\\\\node_modules\\\\firebase-functions\\\\lib\\\\index.js\"}"}}
[debug] [2023-01-20T02:44:48.723Z] [runtime-status] [5624] Resolved module firebase-admin {"declared":true,"installed":true,"version":"10.3.0","resolution":"E:\\React project\\fullstack-ecommerce-website\\personal-ecommerce-website\\functions\\node_modules\\firebase-admin\\lib\\index.js"} {"metadata":{"emulator":{"name":"functions"},"function":{"name":"us-central1-api"},"extension":{},"message":"[runtime-status] [5624] Resolved module firebase-admin {\"declared\":true,\"installed\":true,\"version\":\"10.3.0\",\"resolution\":\"E:\\\\React project\\\\fullstack-ecommerce-website\\\\personal-ecommerce-website\\\\functions\\\\node_modules\\\\firebase-admin\\\\lib\\\\index.js\"}"}}
[debug] [2023-01-20T02:44:48.724Z] [runtime-status] [5624] Resolved module firebase-functions {"declared":true,"installed":true,"version":"3.24.1","resolution":"E:\\React project\\fullstack-ecommerce-website\\personal-ecommerce-website\\functions\\node_modules\\firebase-functions\\lib\\index.js"} {"metadata":{"emulator":{"name":"functions"},"function":{"name":"us-central1-api"},"extension":{},"message":"[runtime-status] [5624] Resolved module firebase-functions {\"declared\":true,\"installed\":true,\"version\":\"3.24.1\",\"resolution\":\"E:\\\\React project\\\\fullstack-ecommerce-website\\\\personal-ecommerce-website\\\\functions\\\\node_modules\\\\firebase-functions\\\\lib\\\\index.js\"}"}}
[debug] [2023-01-20T02:44:48.724Z] [runtime-status] [5624] firebase-admin has been stubbed. {"adminResolution":{"declared":true,"installed":true,"version":"10.3.0","resolution":"E:\\React project\\fullstack-ecommerce-website\\personal-ecommerce-website\\functions\\node_modules\\firebase-admin\\lib\\index.js"}} {"metadata":{"emulator":{"name":"functions"},"function":{"name":"us-central1-api"},"extension":{},"message":"[runtime-status] [5624] firebase-admin has been stubbed. {\"adminResolution\":{\"declared\":true,\"installed\":true,\"version\":\"10.3.0\",\"resolution\":\"E:\\\\React project\\\\fullstack-ecommerce-website\\\\personal-ecommerce-website\\\\functions\\\\node_modules\\\\firebase-admin\\\\lib\\\\index.js\"}}"}}
[debug] [2023-01-20T02:44:48.923Z] [runtime-status] [5624] Functions runtime initialized. {"cwd":"E:\\React project\\fullstack-ecommerce-website\\personal-ecommerce-website\\functions","node_version":"16.15.1"} {"metadata":{"emulator":{"name":"functions"},"function":{"name":"us-central1-api"},"extension":{},"message":"[runtime-status] [5624] Functions runtime initialized. {\"cwd\":\"E:\\\\React project\\\\fullstack-ecommerce-website\\\\personal-ecommerce-website\\\\functions\",\"node_version\":\"16.15.1\"}"}}
[debug] [2023-01-20T02:44:48.923Z] [runtime-status] [5624] Listening to port: \\?\pipe\fire_emu_6a466223fce65523 {"metadata":{"emulator":{"name":"functions"},"function":{"name":"us-central1-api"},"extension":{},"message":"[runtime-status] [5624] Listening to port: \\\\?\\pipe\\fire_emu_6a466223fce65523"}}
[debug] [2023-01-20T02:44:48.959Z] [worker-us-central1-api-60218034-de79-4175-97f0-510edb0fad7b]: IDLE {"metadata":{"emulator":{"name":"functions"},"message":"[worker-us-central1-api-60218034-de79-4175-97f0-510edb0fad7b]: IDLE"}}
[debug] [2023-01-20T02:44:48.960Z] [worker-pool] submitRequest(triggerId=us-central1-api) {"metadata":{"emulator":{"name":"functions"},"message":"[worker-pool] submitRequest(triggerId=us-central1-api)"}}
[debug] [2023-01-20T02:44:48.960Z] [worker-us-central1-api-dc98f03b-4970-4784-a694-f3a18d3a0d40]: BUSY {"metadata":{"emulator":{"name":"functions"},"message":"[worker-us-central1-api-dc98f03b-4970-4784-a694-f3a18d3a0d40]: BUSY"}}
[info] i  functions: Beginning execution of "api" {"metadata":{"emulator":{"name":"functions"},"function":{"name":"us-central1-api"},"extension":{},"message":"Beginning execution of \"api\""}}
[debug] [2023-01-20T02:44:48.979Z] [worker-us-central1-api-dc98f03b-4970-4784-a694-f3a18d3a0d40]: IDLE {"metadata":{"emulator":{"name":"functions"},"message":"[worker-us-central1-api-dc98f03b-4970-4784-a694-f3a18d3a0d40]: IDLE"}}
[debug] [2023-01-20T02:44:48.980Z] [work-queue] {"queuedWork":[],"queueLength":0,"runningWork":[],"workRunningCount":0}
[info] i  functions: Finished "api" in 1.6862ms {"metadata":{"emulator":{"name":"functions"},"function":{"name":"us-central1-api"},"extension":{},"message":"Finished \"api\" in 1.6862ms"}}
[debug] [2023-01-20T03:39:18.871Z] [work-queue] {"queuedWork":["/personal-ecommerce-website/us-central1/api/payment/create-2023-01-20T03:39:18.870Z"],"queueLength":1,"runningWork":[],"workRunningCount":0}
[debug] [2023-01-20T03:39:18.871Z] [work-queue] {"queuedWork":[],"queueLength":0,"runningWork":["/personal-ecommerce-website/us-central1/api/payment/create-2023-01-20T03:39:18.870Z"],"workRunningCount":1}
[debug] [2023-01-20T03:39:18.871Z] Accepted request POST /personal-ecommerce-website/us-central1/api/payment/create?total=0 --> us-central1-api
[debug] [2023-01-20T03:39:18.875Z] [functions] Runtime ready! Sending request! {"metadata":{"emulator":{"name":"functions"},"message":"[functions] Runtime ready! Sending request!"}}
[debug] [2023-01-20T03:39:18.876Z] [functions] Got req.url=/personal-ecommerce-website/us-central1/api/payment/create?total=0, mapping to path=/payment/create?total=0 {"metadata":{"emulator":{"name":"functions"},"message":"[functions] Got req.url=/personal-ecommerce-website/us-central1/api/payment/create?total=0, mapping to path=/payment/create?total=0"}}
[debug] [2023-01-20T03:39:18.876Z] [worker-pool] submitRequest(triggerId=us-central1-api) {"metadata":{"emulator":{"name":"functions"},"message":"[worker-pool] submitRequest(triggerId=us-central1-api)"}}
[debug] [2023-01-20T03:39:18.876Z] [worker-us-central1-api-dc98f03b-4970-4784-a694-f3a18d3a0d40]: BUSY {"metadata":{"emulator":{"name":"functions"},"message":"[worker-us-central1-api-dc98f03b-4970-4784-a694-f3a18d3a0d40]: BUSY"}}
[debug] [2023-01-20T03:39:18.879Z] [work-queue] {"queuedWork":["/personal-ecommerce-website/us-central1/api/payment/create-2023-01-20T03:39:18.878Z"],"queueLength":1,"runningWork":["/personal-ecommerce-website/us-central1/api/payment/create-2023-01-20T03:39:18.870Z"],"workRunningCount":1}
[debug] [2023-01-20T03:39:18.879Z] [work-queue] {"queuedWork":[],"queueLength":0,"runningWork":["/personal-ecommerce-website/us-central1/api/payment/create-2023-01-20T03:39:18.870Z","/personal-ecommerce-website/us-central1/api/payment/create-2023-01-20T03:39:18.878Z"],"workRunningCount":2}
[debug] [2023-01-20T03:39:18.879Z] Accepted request POST /personal-ecommerce-website/us-central1/api/payment/create?total=0 --> us-central1-api
[debug] [2023-01-20T03:39:18.885Z] [functions] Runtime ready! Sending request! {"metadata":{"emulator":{"name":"functions"},"message":"[functions] Runtime ready! Sending request!"}}
[debug] [2023-01-20T03:39:18.885Z] [functions] Got req.url=/personal-ecommerce-website/us-central1/api/payment/create?total=0, mapping to path=/payment/create?total=0 {"metadata":{"emulator":{"name":"functions"},"message":"[functions] Got req.url=/personal-ecommerce-website/us-central1/api/payment/create?total=0, mapping to path=/payment/create?total=0"}}
[debug] [2023-01-20T03:39:18.885Z] [worker-pool] submitRequest(triggerId=us-central1-api) {"metadata":{"emulator":{"name":"functions"},"message":"[worker-pool] submitRequest(triggerId=us-central1-api)"}}
[debug] [2023-01-20T03:39:18.886Z] [worker-us-central1-api-60218034-de79-4175-97f0-510edb0fad7b]: BUSY {"metadata":{"emulator":{"name":"functions"},"message":"[worker-us-central1-api-60218034-de79-4175-97f0-510edb0fad7b]: BUSY"}}
[info] i  functions: Beginning execution of "api" {"metadata":{"emulator":{"name":"functions"},"function":{"name":"us-central1-api"},"extension":{},"message":"Beginning execution of \"api\""}}
[info] i  functions: Finished "api" in 2.9453ms {"metadata":{"emulator":{"name":"functions"},"function":{"name":"us-central1-api"},"extension":{},"message":"Finished \"api\" in 2.9453ms"}}
[debug] [2023-01-20T03:39:18.904Z] [worker-us-central1-api-dc98f03b-4970-4784-a694-f3a18d3a0d40]: IDLE {"metadata":{"emulator":{"name":"functions"},"message":"[worker-us-central1-api-dc98f03b-4970-4784-a694-f3a18d3a0d40]: IDLE"}}
[debug] [2023-01-20T03:39:18.904Z] [work-queue] {"queuedWork":[],"queueLength":0,"runningWork":["/personal-ecommerce-website/us-central1/api/payment/create-2023-01-20T03:39:18.878Z"],"workRunningCount":1}
[info] i  functions: Beginning execution of "api" {"metadata":{"emulator":{"name":"functions"},"function":{"name":"us-central1-api"},"extension":{},"message":"Beginning execution of \"api\""}}
[info] i  functions: Finished "api" in 9.1325ms {"metadata":{"emulator":{"name":"functions"},"function":{"name":"us-central1-api"},"extension":{},"message":"Finished \"api\" in 9.1325ms"}}
[debug] [2023-01-20T03:39:18.908Z] [worker-us-central1-api-60218034-de79-4175-97f0-510edb0fad7b]: IDLE {"metadata":{"emulator":{"name":"functions"},"message":"[worker-us-central1-api-60218034-de79-4175-97f0-510edb0fad7b]: IDLE"}}
[debug] [2023-01-20T03:39:18.909Z] [work-queue] {"queuedWork":[],"queueLength":0,"runningWork":[],"workRunningCount":0}
[debug] [2023-01-20T03:41:44.557Z] [work-queue] {"queuedWork":["/personal-ecommerce-website/us-central1/api/payment/create-2023-01-20T03:41:44.557Z"],"queueLength":1,"runningWork":[],"workRunningCount":0}
[debug] [2023-01-20T03:41:44.557Z] [work-queue] {"queuedWork":[],"queueLength":0,"runningWork":["/personal-ecommerce-website/us-central1/api/payment/create-2023-01-20T03:41:44.557Z"],"workRunningCount":1}
[debug] [2023-01-20T03:41:44.557Z] Accepted request POST /personal-ecommerce-website/us-central1/api/payment/create?total=0 --> us-central1-api
[debug] [2023-01-20T03:41:44.561Z] [functions] Runtime ready! Sending request! {"metadata":{"emulator":{"name":"functions"},"message":"[functions] Runtime ready! Sending request!"}}
[debug] [2023-01-20T03:41:44.563Z] [functions] Got req.url=/personal-ecommerce-website/us-central1/api/payment/create?total=0, mapping to path=/payment/create?total=0 {"metadata":{"emulator":{"name":"functions"},"message":"[functions] Got req.url=/personal-ecommerce-website/us-central1/api/payment/create?total=0, mapping to path=/payment/create?total=0"}}
[debug] [2023-01-20T03:41:44.563Z] [worker-pool] submitRequest(triggerId=us-central1-api) {"metadata":{"emulator":{"name":"functions"},"message":"[worker-pool] submitRequest(triggerId=us-central1-api)"}}
[debug] [2023-01-20T03:41:44.564Z] [worker-us-central1-api-dc98f03b-4970-4784-a694-f3a18d3a0d40]: BUSY {"metadata":{"emulator":{"name":"functions"},"message":"[worker-us-central1-api-dc98f03b-4970-4784-a694-f3a18d3a0d40]: BUSY"}}
[debug] [2023-01-20T03:41:44.566Z] [work-queue] {"queuedWork":["/personal-ecommerce-website/us-central1/api/payment/create-2023-01-20T03:41:44.566Z"],"queueLength":1,"runningWork":["/personal-ecommerce-website/us-central1/api/payment/create-2023-01-20T03:41:44.557Z"],"workRunningCount":1}
[debug] [2023-01-20T03:41:44.566Z] [work-queue] {"queuedWork":[],"queueLength":0,"runningWork":["/personal-ecommerce-website/us-central1/api/payment/create-2023-01-20T03:41:44.557Z","/personal-ecommerce-website/us-central1/api/payment/create-2023-01-20T03:41:44.566Z"],"workRunningCount":2}
[debug] [2023-01-20T03:41:44.566Z] Accepted request POST /personal-ecommerce-website/us-central1/api/payment/create?total=0 --> us-central1-api
[debug] [2023-01-20T03:41:44.570Z] [functions] Runtime ready! Sending request! {"metadata":{"emulator":{"name":"functions"},"message":"[functions] Runtime ready! Sending request!"}}
[debug] [2023-01-20T03:41:44.571Z] [functions] Got req.url=/personal-ecommerce-website/us-central1/api/payment/create?total=0, mapping to path=/payment/create?total=0 {"metadata":{"emulator":{"name":"functions"},"message":"[functions] Got req.url=/personal-ecommerce-website/us-central1/api/payment/create?total=0, mapping to path=/payment/create?total=0"}}
[debug] [2023-01-20T03:41:44.571Z] [worker-pool] submitRequest(triggerId=us-central1-api) {"metadata":{"emulator":{"name":"functions"},"message":"[worker-pool] submitRequest(triggerId=us-central1-api)"}}
[debug] [2023-01-20T03:41:44.571Z] [worker-us-central1-api-60218034-de79-4175-97f0-510edb0fad7b]: BUSY {"metadata":{"emulator":{"name":"functions"},"message":"[worker-us-central1-api-60218034-de79-4175-97f0-510edb0fad7b]: BUSY"}}
[info] i  functions: Beginning execution of "api" {"metadata":{"emulator":{"name":"functions"},"function":{"name":"us-central1-api"},"extension":{},"message":"Beginning execution of \"api\""}}
[info] i  functions: Finished "api" in 1.8399ms {"metadata":{"emulator":{"name":"functions"},"function":{"name":"us-central1-api"},"extension":{},"message":"Finished \"api\" in 1.8399ms"}}
[debug] [2023-01-20T03:41:44.576Z] [worker-us-central1-api-dc98f03b-4970-4784-a694-f3a18d3a0d40]: IDLE {"metadata":{"emulator":{"name":"functions"},"message":"[worker-us-central1-api-dc98f03b-4970-4784-a694-f3a18d3a0d40]: IDLE"}}
[debug] [2023-01-20T03:41:44.576Z] [work-queue] {"queuedWork":[],"queueLength":0,"runningWork":["/personal-ecommerce-website/us-central1/api/payment/create-2023-01-20T03:41:44.566Z"],"workRunningCount":1}
[info] i  functions: Beginning execution of "api" {"metadata":{"emulator":{"name":"functions"},"function":{"name":"us-central1-api"},"extension":{},"message":"Beginning execution of \"api\""}}
[debug] [2023-01-20T03:41:44.581Z] [worker-us-central1-api-60218034-de79-4175-97f0-510edb0fad7b]: IDLE {"metadata":{"emulator":{"name":"functions"},"message":"[worker-us-central1-api-60218034-de79-4175-97f0-510edb0fad7b]: IDLE"}}
[debug] [2023-01-20T03:41:44.582Z] [work-queue] {"queuedWork":[],"queueLength":0,"runningWork":[],"workRunningCount":0}
[info] i  functions: Finished "api" in 2.228ms {"metadata":{"emulator":{"name":"functions"},"function":{"name":"us-central1-api"},"extension":{},"message":"Finished \"api\" in 2.228ms"}}
[debug] [2023-01-20T03:42:16.691Z] [work-queue] {"queuedWork":["/personal-ecommerce-website/us-central1/api/payment/create-2023-01-20T03:42:16.691Z"],"queueLength":1,"runningWork":[],"workRunningCount":0}
[debug] [2023-01-20T03:42:16.691Z] [work-queue] {"queuedWork":[],"queueLength":0,"runningWork":["/personal-ecommerce-website/us-central1/api/payment/create-2023-01-20T03:42:16.691Z"],"workRunningCount":1}
[debug] [2023-01-20T03:42:16.692Z] Accepted request POST /personal-ecommerce-website/us-central1/api/payment/create?total=25096 --> us-central1-api
[debug] [2023-01-20T03:42:16.695Z] [functions] Runtime ready! Sending request! {"metadata":{"emulator":{"name":"functions"},"message":"[functions] Runtime ready! Sending request!"}}
[debug] [2023-01-20T03:42:16.695Z] [functions] Got req.url=/personal-ecommerce-website/us-central1/api/payment/create?total=25096, mapping to path=/payment/create?total=25096 {"metadata":{"emulator":{"name":"functions"},"message":"[functions] Got req.url=/personal-ecommerce-website/us-central1/api/payment/create?total=25096, mapping to path=/payment/create?total=25096"}}
[debug] [2023-01-20T03:42:16.696Z] [worker-pool] submitRequest(triggerId=us-central1-api) {"metadata":{"emulator":{"name":"functions"},"message":"[worker-pool] submitRequest(triggerId=us-central1-api)"}}
[debug] [2023-01-20T03:42:16.696Z] [worker-us-central1-api-dc98f03b-4970-4784-a694-f3a18d3a0d40]: BUSY {"metadata":{"emulator":{"name":"functions"},"message":"[worker-us-central1-api-dc98f03b-4970-4784-a694-f3a18d3a0d40]: BUSY"}}
[debug] [2023-01-20T03:42:16.698Z] [work-queue] {"queuedWork":["/personal-ecommerce-website/us-central1/api/payment/create-2023-01-20T03:42:16.698Z"],"queueLength":1,"runningWork":["/personal-ecommerce-website/us-central1/api/payment/create-2023-01-20T03:42:16.691Z"],"workRunningCount":1}
[debug] [2023-01-20T03:42:16.699Z] [work-queue] {"queuedWork":[],"queueLength":0,"runningWork":["/personal-ecommerce-website/us-central1/api/payment/create-2023-01-20T03:42:16.691Z","/personal-ecommerce-website/us-central1/api/payment/create-2023-01-20T03:42:16.698Z"],"workRunningCount":2}
[debug] [2023-01-20T03:42:16.699Z] Accepted request POST /personal-ecommerce-website/us-central1/api/payment/create?total=25096 --> us-central1-api
[debug] [2023-01-20T03:42:16.706Z] [functions] Runtime ready! Sending request! {"metadata":{"emulator":{"name":"functions"},"message":"[functions] Runtime ready! Sending request!"}}
[debug] [2023-01-20T03:42:16.707Z] [functions] Got req.url=/personal-ecommerce-website/us-central1/api/payment/create?total=25096, mapping to path=/payment/create?total=25096 {"metadata":{"emulator":{"name":"functions"},"message":"[functions] Got req.url=/personal-ecommerce-website/us-central1/api/payment/create?total=25096, mapping to path=/payment/create?total=25096"}}
[debug] [2023-01-20T03:42:16.707Z] [worker-pool] submitRequest(triggerId=us-central1-api) {"metadata":{"emulator":{"name":"functions"},"message":"[worker-pool] submitRequest(triggerId=us-central1-api)"}}
[debug] [2023-01-20T03:42:16.708Z] [worker-us-central1-api-60218034-de79-4175-97f0-510edb0fad7b]: BUSY {"metadata":{"emulator":{"name":"functions"},"message":"[worker-us-central1-api-60218034-de79-4175-97f0-510edb0fad7b]: BUSY"}}
[info] i  functions: Beginning execution of "api" {"metadata":{"emulator":{"name":"functions"},"function":{"name":"us-central1-api"},"extension":{},"message":"Beginning execution of \"api\""}}
[info] i  functions: Finished "api" in 1.3073ms {"metadata":{"emulator":{"name":"functions"},"function":{"name":"us-central1-api"},"extension":{},"message":"Finished \"api\" in 1.3073ms"}}
[debug] [2023-01-20T03:42:16.714Z] [worker-us-central1-api-dc98f03b-4970-4784-a694-f3a18d3a0d40]: IDLE {"metadata":{"emulator":{"name":"functions"},"message":"[worker-us-central1-api-dc98f03b-4970-4784-a694-f3a18d3a0d40]: IDLE"}}
[debug] [2023-01-20T03:42:16.715Z] [work-queue] {"queuedWork":[],"queueLength":0,"runningWork":["/personal-ecommerce-website/us-central1/api/payment/create-2023-01-20T03:42:16.698Z"],"workRunningCount":1}
[info] i  functions: Beginning execution of "api" {"metadata":{"emulator":{"name":"functions"},"function":{"name":"us-central1-api"},"extension":{},"message":"Beginning execution of \"api\""}}
[debug] [2023-01-20T03:42:16.719Z] [worker-us-central1-api-60218034-de79-4175-97f0-510edb0fad7b]: IDLE {"metadata":{"emulator":{"name":"functions"},"message":"[worker-us-central1-api-60218034-de79-4175-97f0-510edb0fad7b]: IDLE"}}
[debug] [2023-01-20T03:42:16.719Z] [work-queue] {"queuedWork":[],"queueLength":0,"runningWork":[],"workRunningCount":0}
[info] i  functions: Finished "api" in 1.9498ms {"metadata":{"emulator":{"name":"functions"},"function":{"name":"us-central1-api"},"extension":{},"message":"Finished \"api\" in 1.9498ms"}}
[debug] [2023-01-20T03:43:30.359Z] [work-queue] {"queuedWork":["/personal-ecommerce-website/us-central1/api/payment/create-2023-01-20T03:43:30.359Z"],"queueLength":1,"runningWork":[],"workRunningCount":0}
[debug] [2023-01-20T03:43:30.359Z] [work-queue] {"queuedWork":[],"queueLength":0,"runningWork":["/personal-ecommerce-website/us-central1/api/payment/create-2023-01-20T03:43:30.359Z"],"workRunningCount":1}
[debug] [2023-01-20T03:43:30.359Z] Accepted request POST /personal-ecommerce-website/us-central1/api/payment/create?total=23900 --> us-central1-api
[debug] [2023-01-20T03:43:30.364Z] [functions] Runtime ready! Sending request! {"metadata":{"emulator":{"name":"functions"},"message":"[functions] Runtime ready! Sending request!"}}
[debug] [2023-01-20T03:43:30.365Z] [functions] Got req.url=/personal-ecommerce-website/us-central1/api/payment/create?total=23900, mapping to path=/payment/create?total=23900 {"metadata":{"emulator":{"name":"functions"},"message":"[functions] Got req.url=/personal-ecommerce-website/us-central1/api/payment/create?total=23900, mapping to path=/payment/create?total=23900"}}
[debug] [2023-01-20T03:43:30.365Z] [worker-pool] submitRequest(triggerId=us-central1-api) {"metadata":{"emulator":{"name":"functions"},"message":"[worker-pool] submitRequest(triggerId=us-central1-api)"}}
[debug] [2023-01-20T03:43:30.365Z] [worker-us-central1-api-dc98f03b-4970-4784-a694-f3a18d3a0d40]: BUSY {"metadata":{"emulator":{"name":"functions"},"message":"[worker-us-central1-api-dc98f03b-4970-4784-a694-f3a18d3a0d40]: BUSY"}}
[info] i  functions: Beginning execution of "api" {"metadata":{"emulator":{"name":"functions"},"function":{"name":"us-central1-api"},"extension":{},"message":"Beginning execution of \"api\""}}
[debug] [2023-01-20T03:43:30.375Z] [worker-us-central1-api-dc98f03b-4970-4784-a694-f3a18d3a0d40]: IDLE {"metadata":{"emulator":{"name":"functions"},"message":"[worker-us-central1-api-dc98f03b-4970-4784-a694-f3a18d3a0d40]: IDLE"}}
[debug] [2023-01-20T03:43:30.376Z] [work-queue] {"queuedWork":[],"queueLength":0,"runningWork":[],"workRunningCount":0}
[info] i  functions: Finished "api" in 1.7447ms {"metadata":{"emulator":{"name":"functions"},"function":{"name":"us-central1-api"},"extension":{},"message":"Finished \"api\" in 1.7447ms"}}
[debug] [2023-01-20T03:43:33.656Z] [work-queue] {"queuedWork":["/personal-ecommerce-website/us-central1/api/payment/create-2023-01-20T03:43:33.656Z"],"queueLength":1,"runningWork":[],"workRunningCount":0}
[debug] [2023-01-20T03:43:33.657Z] [work-queue] {"queuedWork":[],"queueLength":0,"runningWork":["/personal-ecommerce-website/us-central1/api/payment/create-2023-01-20T03:43:33.656Z"],"workRunningCount":1}
[debug] [2023-01-20T03:43:33.657Z] Accepted request POST /personal-ecommerce-website/us-central1/api/payment/create?total=0 --> us-central1-api
[debug] [2023-01-20T03:43:33.661Z] [functions] Runtime ready! Sending request! {"metadata":{"emulator":{"name":"functions"},"message":"[functions] Runtime ready! Sending request!"}}
[debug] [2023-01-20T03:43:33.662Z] [functions] Got req.url=/personal-ecommerce-website/us-central1/api/payment/create?total=0, mapping to path=/payment/create?total=0 {"metadata":{"emulator":{"name":"functions"},"message":"[functions] Got req.url=/personal-ecommerce-website/us-central1/api/payment/create?total=0, mapping to path=/payment/create?total=0"}}
[debug] [2023-01-20T03:43:33.662Z] [worker-pool] submitRequest(triggerId=us-central1-api) {"metadata":{"emulator":{"name":"functions"},"message":"[worker-pool] submitRequest(triggerId=us-central1-api)"}}
[debug] [2023-01-20T03:43:33.662Z] [worker-us-central1-api-dc98f03b-4970-4784-a694-f3a18d3a0d40]: BUSY {"metadata":{"emulator":{"name":"functions"},"message":"[worker-us-central1-api-dc98f03b-4970-4784-a694-f3a18d3a0d40]: BUSY"}}
[info] i  functions: Beginning execution of "api" {"metadata":{"emulator":{"name":"functions"},"function":{"name":"us-central1-api"},"extension":{},"message":"Beginning execution of \"api\""}}
[debug] [2023-01-20T03:43:33.669Z] [worker-us-central1-api-dc98f03b-4970-4784-a694-f3a18d3a0d40]: IDLE {"metadata":{"emulator":{"name":"functions"},"message":"[worker-us-central1-api-dc98f03b-4970-4784-a694-f3a18d3a0d40]: IDLE"}}
[debug] [2023-01-20T03:43:33.671Z] [work-queue] {"queuedWork":[],"queueLength":0,"runningWork":[],"workRunningCount":0}
[info] i  functions: Finished "api" in 2.7703ms {"metadata":{"emulator":{"name":"functions"},"function":{"name":"us-central1-api"},"extension":{},"message":"Finished \"api\" in 2.7703ms"}}
[debug] [2023-01-20T03:44:32.047Z] [work-queue] {"queuedWork":["/personal-ecommerce-website/us-central1/api/payment/create-2023-01-20T03:44:32.047Z"],"queueLength":1,"runningWork":[],"workRunningCount":0}
[debug] [2023-01-20T03:44:32.048Z] [work-queue] {"queuedWork":[],"queueLength":0,"runningWork":["/personal-ecommerce-website/us-central1/api/payment/create-2023-01-20T03:44:32.047Z"],"workRunningCount":1}
[debug] [2023-01-20T03:44:32.048Z] Accepted request POST /personal-ecommerce-website/us-central1/api/payment/create?total=0 --> us-central1-api
[debug] [2023-01-20T03:44:32.053Z] [functions] Runtime ready! Sending request! {"metadata":{"emulator":{"name":"functions"},"message":"[functions] Runtime ready! Sending request!"}}
[debug] [2023-01-20T03:44:32.053Z] [functions] Got req.url=/personal-ecommerce-website/us-central1/api/payment/create?total=0, mapping to path=/payment/create?total=0 {"metadata":{"emulator":{"name":"functions"},"message":"[functions] Got req.url=/personal-ecommerce-website/us-central1/api/payment/create?total=0, mapping to path=/payment/create?total=0"}}
[debug] [2023-01-20T03:44:32.053Z] [worker-pool] submitRequest(triggerId=us-central1-api) {"metadata":{"emulator":{"name":"functions"},"message":"[worker-pool] submitRequest(triggerId=us-central1-api)"}}
[debug] [2023-01-20T03:44:32.053Z] [worker-us-central1-api-dc98f03b-4970-4784-a694-f3a18d3a0d40]: BUSY {"metadata":{"emulator":{"name":"functions"},"message":"[worker-us-central1-api-dc98f03b-4970-4784-a694-f3a18d3a0d40]: BUSY"}}
[debug] [2023-01-20T03:44:32.056Z] [work-queue] {"queuedWork":["/personal-ecommerce-website/us-central1/api/payment/create-2023-01-20T03:44:32.056Z"],"queueLength":1,"runningWork":["/personal-ecommerce-website/us-central1/api/payment/create-2023-01-20T03:44:32.047Z"],"workRunningCount":1}
[debug] [2023-01-20T03:44:32.057Z] [work-queue] {"queuedWork":[],"queueLength":0,"runningWork":["/personal-ecommerce-website/us-central1/api/payment/create-2023-01-20T03:44:32.047Z","/personal-ecommerce-website/us-central1/api/payment/create-2023-01-20T03:44:32.056Z"],"workRunningCount":2}
[debug] [2023-01-20T03:44:32.057Z] Accepted request POST /personal-ecommerce-website/us-central1/api/payment/create?total=0 --> us-central1-api
[debug] [2023-01-20T03:44:32.061Z] [functions] Runtime ready! Sending request! {"metadata":{"emulator":{"name":"functions"},"message":"[functions] Runtime ready! Sending request!"}}
[debug] [2023-01-20T03:44:32.061Z] [functions] Got req.url=/personal-ecommerce-website/us-central1/api/payment/create?total=0, mapping to path=/payment/create?total=0 {"metadata":{"emulator":{"name":"functions"},"message":"[functions] Got req.url=/personal-ecommerce-website/us-central1/api/payment/create?total=0, mapping to path=/payment/create?total=0"}}
[debug] [2023-01-20T03:44:32.062Z] [worker-pool] submitRequest(triggerId=us-central1-api) {"metadata":{"emulator":{"name":"functions"},"message":"[worker-pool] submitRequest(triggerId=us-central1-api)"}}
[debug] [2023-01-20T03:44:32.062Z] [worker-us-central1-api-60218034-de79-4175-97f0-510edb0fad7b]: BUSY {"metadata":{"emulator":{"name":"functions"},"message":"[worker-us-central1-api-60218034-de79-4175-97f0-510edb0fad7b]: BUSY"}}
[info] i  functions: Beginning execution of "api" {"metadata":{"emulator":{"name":"functions"},"function":{"name":"us-central1-api"},"extension":{},"message":"Beginning execution of \"api\""}}
[info] i  functions: Finished "api" in 2.2046ms {"metadata":{"emulator":{"name":"functions"},"function":{"name":"us-central1-api"},"extension":{},"message":"Finished \"api\" in 2.2046ms"}}
[debug] [2023-01-20T03:44:32.066Z] [worker-us-central1-api-dc98f03b-4970-4784-a694-f3a18d3a0d40]: IDLE {"metadata":{"emulator":{"name":"functions"},"message":"[worker-us-central1-api-dc98f03b-4970-4784-a694-f3a18d3a0d40]: IDLE"}}
[debug] [2023-01-20T03:44:32.066Z] [work-queue] {"queuedWork":[],"queueLength":0,"runningWork":["/personal-ecommerce-website/us-central1/api/payment/create-2023-01-20T03:44:32.056Z"],"workRunningCount":1}
[info] i  functions: Beginning execution of "api" {"metadata":{"emulator":{"name":"functions"},"function":{"name":"us-central1-api"},"extension":{},"message":"Beginning execution of \"api\""}}
[debug] [2023-01-20T03:44:32.069Z] [worker-us-central1-api-60218034-de79-4175-97f0-510edb0fad7b]: IDLE {"metadata":{"emulator":{"name":"functions"},"message":"[worker-us-central1-api-60218034-de79-4175-97f0-510edb0fad7b]: IDLE"}}
[debug] [2023-01-20T03:44:32.069Z] [work-queue] {"queuedWork":[],"queueLength":0,"runningWork":[],"workRunningCount":0}
[info] i  functions: Finished "api" in 2.0398ms {"metadata":{"emulator":{"name":"functions"},"function":{"name":"us-central1-api"},"extension":{},"message":"Finished \"api\" in 2.0398ms"}}
[debug] [2023-01-20T03:45:07.562Z] [work-queue] {"queuedWork":["/personal-ecommerce-website/us-central1/api/payment/create-2023-01-20T03:45:07.562Z"],"queueLength":1,"runningWork":[],"workRunningCount":0}
[debug] [2023-01-20T03:45:07.562Z] [work-queue] {"queuedWork":[],"queueLength":0,"runningWork":["/personal-ecommerce-website/us-central1/api/payment/create-2023-01-20T03:45:07.562Z"],"workRunningCount":1}
[debug] [2023-01-20T03:45:07.562Z] Accepted request POST /personal-ecommerce-website/us-central1/api/payment/create?total=25096 --> us-central1-api
[debug] [2023-01-20T03:45:07.568Z] [functions] Runtime ready! Sending request! {"metadata":{"emulator":{"name":"functions"},"message":"[functions] Runtime ready! Sending request!"}}
[debug] [2023-01-20T03:45:07.569Z] [functions] Got req.url=/personal-ecommerce-website/us-central1/api/payment/create?total=25096, mapping to path=/payment/create?total=25096 {"metadata":{"emulator":{"name":"functions"},"message":"[functions] Got req.url=/personal-ecommerce-website/us-central1/api/payment/create?total=25096, mapping to path=/payment/create?total=25096"}}
[debug] [2023-01-20T03:45:07.569Z] [worker-pool] submitRequest(triggerId=us-central1-api) {"metadata":{"emulator":{"name":"functions"},"message":"[worker-pool] submitRequest(triggerId=us-central1-api)"}}
[debug] [2023-01-20T03:45:07.569Z] [worker-us-central1-api-dc98f03b-4970-4784-a694-f3a18d3a0d40]: BUSY {"metadata":{"emulator":{"name":"functions"},"message":"[worker-us-central1-api-dc98f03b-4970-4784-a694-f3a18d3a0d40]: BUSY"}}
[debug] [2023-01-20T03:45:07.574Z] [work-queue] {"queuedWork":["/personal-ecommerce-website/us-central1/api/payment/create-2023-01-20T03:45:07.574Z"],"queueLength":1,"runningWork":["/personal-ecommerce-website/us-central1/api/payment/create-2023-01-20T03:45:07.562Z"],"workRunningCount":1}
[debug] [2023-01-20T03:45:07.574Z] [work-queue] {"queuedWork":[],"queueLength":0,"runningWork":["/personal-ecommerce-website/us-central1/api/payment/create-2023-01-20T03:45:07.562Z","/personal-ecommerce-website/us-central1/api/payment/create-2023-01-20T03:45:07.574Z"],"workRunningCount":2}
[debug] [2023-01-20T03:45:07.574Z] Accepted request POST /personal-ecommerce-website/us-central1/api/payment/create?total=25096 --> us-central1-api
[debug] [2023-01-20T03:45:07.578Z] [functions] Runtime ready! Sending request! {"metadata":{"emulator":{"name":"functions"},"message":"[functions] Runtime ready! Sending request!"}}
[debug] [2023-01-20T03:45:07.578Z] [functions] Got req.url=/personal-ecommerce-website/us-central1/api/payment/create?total=25096, mapping to path=/payment/create?total=25096 {"metadata":{"emulator":{"name":"functions"},"message":"[functions] Got req.url=/personal-ecommerce-website/us-central1/api/payment/create?total=25096, mapping to path=/payment/create?total=25096"}}
[debug] [2023-01-20T03:45:07.578Z] [worker-pool] submitRequest(triggerId=us-central1-api) {"metadata":{"emulator":{"name":"functions"},"message":"[worker-pool] submitRequest(triggerId=us-central1-api)"}}
[debug] [2023-01-20T03:45:07.579Z] [worker-us-central1-api-60218034-de79-4175-97f0-510edb0fad7b]: BUSY {"metadata":{"emulator":{"name":"functions"},"message":"[worker-us-central1-api-60218034-de79-4175-97f0-510edb0fad7b]: BUSY"}}
[info] i  functions: Beginning execution of "api" {"metadata":{"emulator":{"name":"functions"},"function":{"name":"us-central1-api"},"extension":{},"message":"Beginning execution of \"api\""}}
[info] i  functions: Finished "api" in 2.5172ms {"metadata":{"emulator":{"name":"functions"},"function":{"name":"us-central1-api"},"extension":{},"message":"Finished \"api\" in 2.5172ms"}}
[debug] [2023-01-20T03:45:07.583Z] [worker-us-central1-api-dc98f03b-4970-4784-a694-f3a18d3a0d40]: IDLE {"metadata":{"emulator":{"name":"functions"},"message":"[worker-us-central1-api-dc98f03b-4970-4784-a694-f3a18d3a0d40]: IDLE"}}
[debug] [2023-01-20T03:45:07.584Z] [work-queue] {"queuedWork":[],"queueLength":0,"runningWork":["/personal-ecommerce-website/us-central1/api/payment/create-2023-01-20T03:45:07.574Z"],"workRunningCount":1}
[info] i  functions: Beginning execution of "api" {"metadata":{"emulator":{"name":"functions"},"function":{"name":"us-central1-api"},"extension":{},"message":"Beginning execution of \"api\""}}
[info] i  functions: Finished "api" in 1.5197ms {"metadata":{"emulator":{"name":"functions"},"function":{"name":"us-central1-api"},"extension":{},"message":"Finished \"api\" in 1.5197ms"}}
[debug] [2023-01-20T03:45:07.591Z] [worker-us-central1-api-60218034-de79-4175-97f0-510edb0fad7b]: IDLE {"metadata":{"emulator":{"name":"functions"},"message":"[worker-us-central1-api-60218034-de79-4175-97f0-510edb0fad7b]: IDLE"}}
[debug] [2023-01-20T03:45:07.591Z] [work-queue] {"queuedWork":[],"queueLength":0,"runningWork":[],"workRunningCount":0}
[debug] [2023-01-20T03:45:11.860Z] [work-queue] {"queuedWork":["/personal-ecommerce-website/us-central1/api/payment/create-2023-01-20T03:45:11.860Z"],"queueLength":1,"runningWork":[],"workRunningCount":0}
[debug] [2023-01-20T03:45:11.860Z] [work-queue] {"queuedWork":[],"queueLength":0,"runningWork":["/personal-ecommerce-website/us-central1/api/payment/create-2023-01-20T03:45:11.860Z"],"workRunningCount":1}
[debug] [2023-01-20T03:45:11.860Z] Accepted request POST /personal-ecommerce-website/us-central1/api/payment/create?total=1196 --> us-central1-api
[debug] [2023-01-20T03:45:11.864Z] [functions] Runtime ready! Sending request! {"metadata":{"emulator":{"name":"functions"},"message":"[functions] Runtime ready! Sending request!"}}
[debug] [2023-01-20T03:45:11.865Z] [functions] Got req.url=/personal-ecommerce-website/us-central1/api/payment/create?total=1196, mapping to path=/payment/create?total=1196 {"metadata":{"emulator":{"name":"functions"},"message":"[functions] Got req.url=/personal-ecommerce-website/us-central1/api/payment/create?total=1196, mapping to path=/payment/create?total=1196"}}
[debug] [2023-01-20T03:45:11.865Z] [worker-pool] submitRequest(triggerId=us-central1-api) {"metadata":{"emulator":{"name":"functions"},"message":"[worker-pool] submitRequest(triggerId=us-central1-api)"}}
[debug] [2023-01-20T03:45:11.865Z] [worker-us-central1-api-dc98f03b-4970-4784-a694-f3a18d3a0d40]: BUSY {"metadata":{"emulator":{"name":"functions"},"message":"[worker-us-central1-api-dc98f03b-4970-4784-a694-f3a18d3a0d40]: BUSY"}}
[info] i  functions: Beginning execution of "api" {"metadata":{"emulator":{"name":"functions"},"function":{"name":"us-central1-api"},"extension":{},"message":"Beginning execution of \"api\""}}
[debug] [2023-01-20T03:45:11.872Z] [worker-us-central1-api-dc98f03b-4970-4784-a694-f3a18d3a0d40]: IDLE {"metadata":{"emulator":{"name":"functions"},"message":"[worker-us-central1-api-dc98f03b-4970-4784-a694-f3a18d3a0d40]: IDLE"}}
[debug] [2023-01-20T03:45:11.872Z] [work-queue] {"queuedWork":[],"queueLength":0,"runningWork":[],"workRunningCount":0}
[info] i  functions: Finished "api" in 2.2847ms {"metadata":{"emulator":{"name":"functions"},"function":{"name":"us-central1-api"},"extension":{},"message":"Finished \"api\" in 2.2847ms"}}
[debug] [2023-01-20T03:45:14.525Z] [work-queue] {"queuedWork":["/personal-ecommerce-website/us-central1/api/payment/create-2023-01-20T03:45:14.525Z"],"queueLength":1,"runningWork":[],"workRunningCount":0}
[debug] [2023-01-20T03:45:14.525Z] [work-queue] {"queuedWork":[],"queueLength":0,"runningWork":["/personal-ecommerce-website/us-central1/api/payment/create-2023-01-20T03:45:14.525Z"],"workRunningCount":1}
[debug] [2023-01-20T03:45:14.525Z] Accepted request POST /personal-ecommerce-website/us-central1/api/payment/create?total=0 --> us-central1-api
[debug] [2023-01-20T03:45:14.529Z] [functions] Runtime ready! Sending request! {"metadata":{"emulator":{"name":"functions"},"message":"[functions] Runtime ready! Sending request!"}}
[debug] [2023-01-20T03:45:14.534Z] [functions] Got req.url=/personal-ecommerce-website/us-central1/api/payment/create?total=0, mapping to path=/payment/create?total=0 {"metadata":{"emulator":{"name":"functions"},"message":"[functions] Got req.url=/personal-ecommerce-website/us-central1/api/payment/create?total=0, mapping to path=/payment/create?total=0"}}
[debug] [2023-01-20T03:45:14.534Z] [worker-pool] submitRequest(triggerId=us-central1-api) {"metadata":{"emulator":{"name":"functions"},"message":"[worker-pool] submitRequest(triggerId=us-central1-api)"}}
[debug] [2023-01-20T03:45:14.534Z] [worker-us-central1-api-dc98f03b-4970-4784-a694-f3a18d3a0d40]: BUSY {"metadata":{"emulator":{"name":"functions"},"message":"[worker-us-central1-api-dc98f03b-4970-4784-a694-f3a18d3a0d40]: BUSY"}}
[info] i  functions: Beginning execution of "api" {"metadata":{"emulator":{"name":"functions"},"function":{"name":"us-central1-api"},"extension":{},"message":"Beginning execution of \"api\""}}
[debug] [2023-01-20T03:45:14.541Z] [worker-us-central1-api-dc98f03b-4970-4784-a694-f3a18d3a0d40]: IDLE {"metadata":{"emulator":{"name":"functions"},"message":"[worker-us-central1-api-dc98f03b-4970-4784-a694-f3a18d3a0d40]: IDLE"}}
[debug] [2023-01-20T03:45:14.541Z] [work-queue] {"queuedWork":[],"queueLength":0,"runningWork":[],"workRunningCount":0}
[info] i  functions: Finished "api" in 1.7267ms {"metadata":{"emulator":{"name":"functions"},"function":{"name":"us-central1-api"},"extension":{},"message":"Finished \"api\" in 1.7267ms"}}
[debug] [2023-01-20T03:49:59.191Z] [work-queue] {"queuedWork":["/personal-ecommerce-website/us-central1/api/payment/create-2023-01-20T03:49:59.191Z"],"queueLength":1,"runningWork":[],"workRunningCount":0}
[debug] [2023-01-20T03:49:59.192Z] [work-queue] {"queuedWork":[],"queueLength":0,"runningWork":["/personal-ecommerce-website/us-central1/api/payment/create-2023-01-20T03:49:59.191Z"],"workRunningCount":1}
[debug] [2023-01-20T03:49:59.192Z] Accepted request POST /personal-ecommerce-website/us-central1/api/payment/create?total=48996 --> us-central1-api
[debug] [2023-01-20T03:49:59.196Z] [functions] Runtime ready! Sending request! {"metadata":{"emulator":{"name":"functions"},"message":"[functions] Runtime ready! Sending request!"}}
[debug] [2023-01-20T03:49:59.197Z] [functions] Got req.url=/personal-ecommerce-website/us-central1/api/payment/create?total=48996, mapping to path=/payment/create?total=48996 {"metadata":{"emulator":{"name":"functions"},"message":"[functions] Got req.url=/personal-ecommerce-website/us-central1/api/payment/create?total=48996, mapping to path=/payment/create?total=48996"}}
[debug] [2023-01-20T03:49:59.197Z] [worker-pool] submitRequest(triggerId=us-central1-api) {"metadata":{"emulator":{"name":"functions"},"message":"[worker-pool] submitRequest(triggerId=us-central1-api)"}}
[debug] [2023-01-20T03:49:59.198Z] [worker-us-central1-api-dc98f03b-4970-4784-a694-f3a18d3a0d40]: BUSY {"metadata":{"emulator":{"name":"functions"},"message":"[worker-us-central1-api-dc98f03b-4970-4784-a694-f3a18d3a0d40]: BUSY"}}
[debug] [2023-01-20T03:49:59.204Z] [work-queue] {"queuedWork":["/personal-ecommerce-website/us-central1/api/payment/create-2023-01-20T03:49:59.204Z"],"queueLength":1,"runningWork":["/personal-ecommerce-website/us-central1/api/payment/create-2023-01-20T03:49:59.191Z"],"workRunningCount":1}
[debug] [2023-01-20T03:49:59.204Z] [work-queue] {"queuedWork":[],"queueLength":0,"runningWork":["/personal-ecommerce-website/us-central1/api/payment/create-2023-01-20T03:49:59.191Z","/personal-ecommerce-website/us-central1/api/payment/create-2023-01-20T03:49:59.204Z"],"workRunningCount":2}
[debug] [2023-01-20T03:49:59.204Z] Accepted request POST /personal-ecommerce-website/us-central1/api/payment/create?total=48996 --> us-central1-api
[debug] [2023-01-20T03:49:59.208Z] [functions] Runtime ready! Sending request! {"metadata":{"emulator":{"name":"functions"},"message":"[functions] Runtime ready! Sending request!"}}
[debug] [2023-01-20T03:49:59.209Z] [functions] Got req.url=/personal-ecommerce-website/us-central1/api/payment/create?total=48996, mapping to path=/payment/create?total=48996 {"metadata":{"emulator":{"name":"functions"},"message":"[functions] Got req.url=/personal-ecommerce-website/us-central1/api/payment/create?total=48996, mapping to path=/payment/create?total=48996"}}
[debug] [2023-01-20T03:49:59.209Z] [worker-pool] submitRequest(triggerId=us-central1-api) {"metadata":{"emulator":{"name":"functions"},"message":"[worker-pool] submitRequest(triggerId=us-central1-api)"}}
[debug] [2023-01-20T03:49:59.209Z] [worker-us-central1-api-60218034-de79-4175-97f0-510edb0fad7b]: BUSY {"metadata":{"emulator":{"name":"functions"},"message":"[worker-us-central1-api-60218034-de79-4175-97f0-510edb0fad7b]: BUSY"}}
[info] i  functions: Beginning execution of "api" {"metadata":{"emulator":{"name":"functions"},"function":{"name":"us-central1-api"},"extension":{},"message":"Beginning execution of \"api\""}}
[info] i  functions: Finished "api" in 8.9125ms {"metadata":{"emulator":{"name":"functions"},"function":{"name":"us-central1-api"},"extension":{},"message":"Finished \"api\" in 8.9125ms"}}
[debug] [2023-01-20T03:49:59.223Z] [worker-us-central1-api-dc98f03b-4970-4784-a694-f3a18d3a0d40]: IDLE {"metadata":{"emulator":{"name":"functions"},"message":"[worker-us-central1-api-dc98f03b-4970-4784-a694-f3a18d3a0d40]: IDLE"}}
[debug] [2023-01-20T03:49:59.223Z] [work-queue] {"queuedWork":[],"queueLength":0,"runningWork":["/personal-ecommerce-website/us-central1/api/payment/create-2023-01-20T03:49:59.204Z"],"workRunningCount":1}
[info] i  functions: Beginning execution of "api" {"metadata":{"emulator":{"name":"functions"},"function":{"name":"us-central1-api"},"extension":{},"message":"Beginning execution of \"api\""}}
[info] i  functions: Finished "api" in 1.3904ms {"metadata":{"emulator":{"name":"functions"},"function":{"name":"us-central1-api"},"extension":{},"message":"Finished \"api\" in 1.3904ms"}}
[debug] [2023-01-20T03:49:59.227Z] [worker-us-central1-api-60218034-de79-4175-97f0-510edb0fad7b]: IDLE {"metadata":{"emulator":{"name":"functions"},"message":"[worker-us-central1-api-60218034-de79-4175-97f0-510edb0fad7b]: IDLE"}}
[debug] [2023-01-20T03:49:59.227Z] [work-queue] {"queuedWork":[],"queueLength":0,"runningWork":[],"workRunningCount":0}
[debug] [2023-01-20T03:58:25.249Z] File E:\React project\fullstack-ecommerce-website\personal-ecommerce-website\functions\index.js changed, reloading triggers {"metadata":{"emulator":{"name":"functions"},"message":"File E:\\React project\\fullstack-ecommerce-website\\personal-ecommerce-website\\functions\\index.js changed, reloading triggers"}}
[debug] [2023-01-20T03:58:26.258Z] Validating nodejs source
[warn] !  functions: package.json indicates an outdated version of firebase-functions. Please upgrade using npm install --save firebase-functions@latest in your functions directory. 
[warn] !  functions: Please note that there will be breaking changes when you upgrade. 
[debug] [2023-01-20T03:58:28.014Z] > [functions] package.json contents: {
  "name": "functions",
  "description": "Cloud Functions for Firebase",
  "scripts": {
    "lint": "eslint .",
    "serve": "firebase emulators:start --only functions",
    "shell": "firebase functions:shell",
    "start": "npm run shell",
    "deploy": "firebase deploy --only functions",
    "logs": "firebase functions:log"
  },
  "engines": {
    "node": "16"
  },
  "main": "index.js",
  "dependencies": {
    "cors": "^2.8.5",
    "express": "^4.18.2",
    "firebase-admin": "^10.0.2",
    "firebase-functions": "^3.18.0",
    "stripe": "^11.6.0"
  },
  "devDependencies": {
    "eslint": "^8.9.0",
    "eslint-config-google": "^0.14.0",
    "firebase-functions-test": "^0.2.0"
  },
  "private": true
}
[debug] [2023-01-20T03:58:28.014Z] Building nodejs source
[debug] [2023-01-20T03:58:28.016Z] Could not find functions.yaml. Must use http discovery
[debug] [2023-01-20T03:58:28.600Z] Serving at port 9005

[debug] [2023-01-20T03:58:28.861Z] Got response from /__/functions.yaml {"endpoints":{"api":{"platform":"gcfv1","httpsTrigger":{},"entryPoint":"api"}},"specVersion":"v1alpha1","requiredAPIs":[]}
[debug] [2023-01-20T03:58:28.875Z] shutdown requested via /__/quitquitquit

[info] +  functions: Loaded functions definitions from source: api. {"metadata":{"emulator":{"name":"functions"},"message":"Loaded functions definitions from source: api."}}
[debug] [2023-01-20T03:58:28.895Z] [worker-pool] Shutting down IDLE worker (us-central1-api) {"metadata":{"emulator":{"name":"functions"},"message":"[worker-pool] Shutting down IDLE worker (us-central1-api)"}}
[debug] [2023-01-20T03:58:28.896Z] [worker-us-central1-api-dc98f03b-4970-4784-a694-f3a18d3a0d40]: FINISHING {"metadata":{"emulator":{"name":"functions"},"message":"[worker-us-central1-api-dc98f03b-4970-4784-a694-f3a18d3a0d40]: FINISHING"}}
[debug] [2023-01-20T03:58:28.896Z] [worker-pool] Shutting down IDLE worker (us-central1-api) {"metadata":{"emulator":{"name":"functions"},"message":"[worker-pool] Shutting down IDLE worker (us-central1-api)"}}
[debug] [2023-01-20T03:58:28.896Z] [worker-us-central1-api-60218034-de79-4175-97f0-510edb0fad7b]: FINISHING {"metadata":{"emulator":{"name":"functions"},"message":"[worker-us-central1-api-60218034-de79-4175-97f0-510edb0fad7b]: FINISHING"}}
[debug] [2023-01-20T03:58:28.906Z] [worker-us-central1-api-dc98f03b-4970-4784-a694-f3a18d3a0d40]: exited {"metadata":{"emulator":{"name":"functions"},"message":"[worker-us-central1-api-dc98f03b-4970-4784-a694-f3a18d3a0d40]: exited"}}
[debug] [2023-01-20T03:58:28.906Z] [worker-us-central1-api-dc98f03b-4970-4784-a694-f3a18d3a0d40]: FINISHED {"metadata":{"emulator":{"name":"functions"},"message":"[worker-us-central1-api-dc98f03b-4970-4784-a694-f3a18d3a0d40]: FINISHED"}}
[debug] [2023-01-20T03:58:28.907Z] [worker-us-central1-api-60218034-de79-4175-97f0-510edb0fad7b]: exited {"metadata":{"emulator":{"name":"functions"},"message":"[worker-us-central1-api-60218034-de79-4175-97f0-510edb0fad7b]: exited"}}
[debug] [2023-01-20T03:58:28.907Z] [worker-us-central1-api-60218034-de79-4175-97f0-510edb0fad7b]: FINISHED {"metadata":{"emulator":{"name":"functions"},"message":"[worker-us-central1-api-60218034-de79-4175-97f0-510edb0fad7b]: FINISHED"}}
[debug] [2023-01-20T03:59:40.027Z] File E:\React project\fullstack-ecommerce-website\personal-ecommerce-website\functions\index.js changed, reloading triggers {"metadata":{"emulator":{"name":"functions"},"message":"File E:\\React project\\fullstack-ecommerce-website\\personal-ecommerce-website\\functions\\index.js changed, reloading triggers"}}
